2019-05-08 20:31:51,322 INFO  [Log] login test is passed 
2019-05-08 20:31:51,322 INFO  [Log] ****************************** 
2019-05-08 20:31:51,322 INFO  [Log] $$$$$$$$$$$$$$$$$$$$$                 Facebook login page       $$$$$$$$$$$$$$$$$$$$$$$$$ 
2019-05-08 20:31:51,322 INFO  [Log] ****************************** 
2019-05-08 20:31:51,322 INFO  [Log] ****************************** 
2019-05-08 20:32:53,690 INFO  [Log] login test is passed 
2019-05-08 20:32:53,690 INFO  [Log] ****************************** 
2019-05-08 20:32:53,690 INFO  [Log] $$$$$$$$$$$$$$$$$$$$$                 Facebook login page       $$$$$$$$$$$$$$$$$$$$$$$$$ 
2019-05-08 20:32:53,690 INFO  [Log] ****************************** 
2019-05-08 20:32:53,690 INFO  [Log] ****************************** 
2019-05-09 20:08:42,703 INFO  [Log] login test is passed 
2019-05-09 20:08:42,703 INFO  [Log] ****************************** 
2019-05-09 20:08:42,703 INFO  [Log] $$$$$$$$$$$$$$$$$$$$$                 Facebook forgotten account       $$$$$$$$$$$$$$$$$$$$$$$$$ 
2019-05-09 20:08:42,703 INFO  [Log] ****************************** 
2019-05-09 20:08:42,703 INFO  [Log] ****************************** 
2019-05-10 19:13:59,372 INFO  [Log] login test is passed 
2019-05-10 19:13:59,373 INFO  [Log] ****************************** 
2019-05-10 19:13:59,373 INFO  [Log] $$$$$$$$$$$$$$$$$$$$$                 Facebook forgotten account       $$$$$$$$$$$$$$$$$$$$$$$$$ 
2019-05-10 19:13:59,373 INFO  [Log] ****************************** 
2019-05-10 19:13:59,373 INFO  [Log] ****************************** 
2019-05-15 07:17:34,399 INFO  [Log] login test is passed 
2019-05-15 07:17:34,400 INFO  [Log] ****************************** 
2019-05-15 07:17:34,400 INFO  [Log] $$$$$$$$$$$$$$$$$$$$$                 Facebook forgotten account       $$$$$$$$$$$$$$$$$$$$$$$$$ 
2019-05-15 07:17:34,400 INFO  [Log] ****************************** 
2019-05-15 07:17:34,400 INFO  [Log] ****************************** 
2019-05-15 07:19:41,401 INFO  [Log] login test is passed 
2019-05-15 07:19:41,402 INFO  [Log] ****************************** 
2019-05-15 07:19:41,402 INFO  [Log] $$$$$$$$$$$$$$$$$$$$$                 Facebook forgotten account       $$$$$$$$$$$$$$$$$$$$$$$$$ 
2019-05-15 07:19:41,402 INFO  [Log] ****************************** 
2019-05-15 07:19:41,402 INFO  [Log] ****************************** 
2019-05-15 07:20:39,325 INFO  [Log] login test is passed 
2019-05-15 07:20:39,326 INFO  [Log] ****************************** 
2019-05-15 07:20:39,326 INFO  [Log] $$$$$$$$$$$$$$$$$$$$$                 Verify facebook login page       $$$$$$$$$$$$$$$$$$$$$$$$$ 
2019-05-15 07:20:39,326 INFO  [Log] ****************************** 
2019-05-15 07:20:39,326 INFO  [Log] ****************************** 
2019-05-22 04:09:07,956 INFO  [Log] login test is passed 
2019-05-22 04:09:07,957 INFO  [Log] ****************************** 
2019-05-22 04:09:07,957 INFO  [Log] $$$$$$$$$$$$$$$$$$$$$                 Verify facebook login page       $$$$$$$$$$$$$$$$$$$$$$$$$ 
2019-05-22 04:09:07,957 INFO  [Log] ****************************** 
2019-05-22 04:09:07,957 INFO  [Log] ****************************** 
2019-05-22 04:11:31,584 INFO  [Log] login test is passed 
2019-05-22 04:11:31,589 INFO  [Log] ****************************** 
2019-05-22 04:11:31,589 INFO  [Log] $$$$$$$$$$$$$$$$$$$$$                 Verify multiple access       $$$$$$$$$$$$$$$$$$$$$$$$$ 
2019-05-22 04:11:31,589 INFO  [Log] ****************************** 
2019-05-22 04:11:31,589 INFO  [Log] ****************************** 
2019-05-22 04:11:36,946 INFO  [Log] login test is passed 
2019-05-22 04:11:36,946 INFO  [Log] ****************************** 
2019-05-22 04:11:36,946 INFO  [Log] $$$$$$$$$$$$$$$$$$$$$                 Verify multiple access       $$$$$$$$$$$$$$$$$$$$$$$$$ 
2019-05-22 04:11:36,946 INFO  [Log] ****************************** 
2019-05-22 04:11:36,946 INFO  [Log] ****************************** 
2019-08-24 10:48:23,575 INFO  [Log] login test is passed 
2019-08-24 10:48:23,575 INFO  [Log] ****************************** 
2019-08-24 10:48:23,591 INFO  [Log] $$$$$$$$$$$$$$$$$$$$$                 Facebook login page       $$$$$$$$$$$$$$$$$$$$$$$$$ 
2019-08-24 10:48:23,591 INFO  [Log] ****************************** 
2019-08-24 10:48:23,591 INFO  [Log] ****************************** 
2019-08-24 10:51:17,422 INFO  [Log] login test is passed 
2019-08-24 10:51:17,422 INFO  [Log] ****************************** 
2019-08-24 10:51:17,422 INFO  [Log] $$$$$$$$$$$$$$$$$$$$$                 Facebook login page       $$$$$$$$$$$$$$$$$$$$$$$$$ 
2019-08-24 10:51:17,422 INFO  [Log] ****************************** 
2019-08-24 10:51:17,422 INFO  [Log] ****************************** 
2019-08-24 10:56:37,458 INFO  [Log] login test is passed 
2019-08-24 10:56:37,458 INFO  [Log] ****************************** 
2019-08-24 10:56:37,458 INFO  [Log] $$$$$$$$$$$$$$$$$$$$$                 Verify facebook login page       $$$$$$$$$$$$$$$$$$$$$$$$$ 
2019-08-24 10:56:37,458 INFO  [Log] ****************************** 
2019-08-24 10:56:37,458 INFO  [Log] ****************************** 
2019-08-24 10:57:18,700 INFO  [Log] login test is passed 
2019-08-24 10:57:18,700 INFO  [Log] ****************************** 
2019-08-24 10:57:18,700 INFO  [Log] $$$$$$$$$$$$$$$$$$$$$                 Verify facebook login page       $$$$$$$$$$$$$$$$$$$$$$$$$ 
2019-08-24 10:57:18,700 INFO  [Log] ****************************** 
2019-08-24 10:57:18,700 INFO  [Log] ****************************** 
2019-08-24 10:58:15,342 INFO  [Log] login test is passed 
2019-08-24 10:58:15,342 INFO  [Log] ****************************** 
2019-08-24 10:58:15,342 INFO  [Log] $$$$$$$$$$$$$$$$$$$$$                 Verify facebook login page       $$$$$$$$$$$$$$$$$$$$$$$$$ 
2019-08-24 10:58:15,342 INFO  [Log] ****************************** 
2019-08-24 10:58:15,342 INFO  [Log] ****************************** 
2019-08-24 11:03:27,609 INFO  [Log] login test is passed 
2019-08-24 11:03:27,609 INFO  [Log] ****************************** 
2019-08-24 11:03:27,609 INFO  [Log] $$$$$$$$$$$$$$$$$$$$$                 Verify facebook login page       $$$$$$$$$$$$$$$$$$$$$$$$$ 
2019-08-24 11:03:27,609 INFO  [Log] ****************************** 
2019-08-24 11:03:27,609 INFO  [Log] ****************************** 
2019-08-24 11:06:45,757 INFO  [Log] login test is passed 
2019-08-24 11:06:45,757 INFO  [Log] ****************************** 
2019-08-24 11:06:45,758 INFO  [Log] $$$$$$$$$$$$$$$$$$$$$                 Verify facebook login page       $$$$$$$$$$$$$$$$$$$$$$$$$ 
2019-08-24 11:06:45,758 INFO  [Log] ****************************** 
2019-08-24 11:06:45,758 INFO  [Log] ****************************** 
2019-08-24 11:08:35,215 INFO  [Log] login test is passed 
2019-08-24 11:08:35,215 INFO  [Log] ****************************** 
2019-08-24 11:08:35,215 INFO  [Log] $$$$$$$$$$$$$$$$$$$$$                 Verify facebook login page       $$$$$$$$$$$$$$$$$$$$$$$$$ 
2019-08-24 11:08:35,215 INFO  [Log] ****************************** 
2019-08-24 11:08:35,215 INFO  [Log] ****************************** 
2019-08-24 11:09:40,473 INFO  [Log] login test is passed 
2019-08-24 11:09:40,473 INFO  [Log] ****************************** 
2019-08-24 11:09:40,473 INFO  [Log] $$$$$$$$$$$$$$$$$$$$$                 Verify facebook login page       $$$$$$$$$$$$$$$$$$$$$$$$$ 
2019-08-24 11:09:40,473 INFO  [Log] ****************************** 
2019-08-24 11:09:40,473 INFO  [Log] ****************************** 
2019-08-24 11:11:15,497 INFO  [Log] login test is passed 
2019-08-24 11:11:15,497 INFO  [Log] ****************************** 
2019-08-24 11:11:15,497 INFO  [Log] $$$$$$$$$$$$$$$$$$$$$                 Verify facebook login page       $$$$$$$$$$$$$$$$$$$$$$$$$ 
2019-08-24 11:11:15,497 INFO  [Log] ****************************** 
2019-08-24 11:11:15,497 INFO  [Log] ****************************** 
2019-08-24 11:16:39,152 INFO  [Log] login test is passed 
2019-08-24 11:16:39,152 INFO  [Log] ****************************** 
2019-08-24 11:16:39,152 INFO  [Log] $$$$$$$$$$$$$$$$$$$$$                 Verify facebook login page       $$$$$$$$$$$$$$$$$$$$$$$$$ 
2019-08-24 11:16:39,152 INFO  [Log] ****************************** 
2019-08-24 11:16:39,153 INFO  [Log] ****************************** 
2019-08-24 11:19:17,578 INFO  [Log] login test is passed 
2019-08-24 11:19:17,578 INFO  [Log] ****************************** 
2019-08-24 11:19:17,578 INFO  [Log] $$$$$$$$$$$$$$$$$$$$$                 Verify facebook login page       $$$$$$$$$$$$$$$$$$$$$$$$$ 
2019-08-24 11:19:17,578 INFO  [Log] ****************************** 
2019-08-24 11:19:17,578 INFO  [Log] ****************************** 
2019-08-24 11:20:30,603 INFO  [Log] login test is passed 
2019-08-24 11:20:30,603 INFO  [Log] ****************************** 
2019-08-24 11:20:30,603 INFO  [Log] $$$$$$$$$$$$$$$$$$$$$                 Verify facebook login page       $$$$$$$$$$$$$$$$$$$$$$$$$ 
2019-08-24 11:20:30,603 INFO  [Log] ****************************** 
2019-08-24 11:20:30,603 INFO  [Log] ****************************** 
2019-08-24 11:33:21,530 INFO  [Log] login test is passed 
2019-08-24 11:33:21,530 INFO  [Log] ****************************** 
2019-08-24 11:33:21,530 INFO  [Log] $$$$$$$$$$$$$$$$$$$$$                 Verify facebook login page       $$$$$$$$$$$$$$$$$$$$$$$$$ 
2019-08-24 11:33:21,530 INFO  [Log] ****************************** 
2019-08-24 11:33:21,530 INFO  [Log] ****************************** 
2019-08-24 11:33:52,148 INFO  [Log] login test is passed 
2019-08-24 11:33:52,148 INFO  [Log] ****************************** 
2019-08-24 11:33:52,148 INFO  [Log] $$$$$$$$$$$$$$$$$$$$$                 Verify facebook login page       $$$$$$$$$$$$$$$$$$$$$$$$$ 
2019-08-24 11:33:52,156 INFO  [Log] ****************************** 
2019-08-24 11:33:52,156 INFO  [Log] ****************************** 
2019-08-24 11:34:28,253 INFO  [Log] login test is passed 
2019-08-24 11:34:28,253 INFO  [Log] ****************************** 
2019-08-24 11:34:28,253 INFO  [Log] $$$$$$$$$$$$$$$$$$$$$                 Verify facebook login page       $$$$$$$$$$$$$$$$$$$$$$$$$ 
2019-08-24 11:34:28,253 INFO  [Log] ****************************** 
2019-08-24 11:34:28,253 INFO  [Log] ****************************** 
2019-08-24 11:38:07,720 INFO  [Log] login test is passed 
2019-08-24 11:38:07,720 INFO  [Log] ****************************** 
2019-08-24 11:38:07,720 INFO  [Log] $$$$$$$$$$$$$$$$$$$$$                 Verify facebook login page       $$$$$$$$$$$$$$$$$$$$$$$$$ 
2019-08-24 11:38:07,720 INFO  [Log] ****************************** 
2019-08-24 11:38:07,720 INFO  [Log] ****************************** 
2019-08-24 11:44:07,197 INFO  [Log] login test is passed 
2019-08-24 11:44:07,197 INFO  [Log] ****************************** 
2019-08-24 11:44:07,197 INFO  [Log] $$$$$$$$$$$$$$$$$$$$$                 Verify facebook login page       $$$$$$$$$$$$$$$$$$$$$$$$$ 
2019-08-24 11:44:07,197 INFO  [Log] ****************************** 
2019-08-24 11:44:07,197 INFO  [Log] ****************************** 
2019-08-24 12:37:22,196 INFO  [Log] login test is passed 
2019-08-24 12:37:22,196 INFO  [Log] ****************************** 
2019-08-24 12:37:22,196 INFO  [Log] $$$$$$$$$$$$$$$$$$$$$                 Verify facebook login page       $$$$$$$$$$$$$$$$$$$$$$$$$ 
2019-08-24 12:37:22,196 INFO  [Log] ****************************** 
2019-08-24 12:37:22,196 INFO  [Log] ****************************** 
2019-08-24 14:31:14,826 INFO  [Log] login test is passed 
2019-08-24 14:31:14,826 INFO  [Log] ****************************** 
2019-08-24 14:31:14,826 INFO  [Log] $$$$$$$$$$$$$$$$$$$$$                 Verify facebook login page       $$$$$$$$$$$$$$$$$$$$$$$$$ 
2019-08-24 14:31:14,826 INFO  [Log] ****************************** 
2019-08-24 14:31:14,826 INFO  [Log] ****************************** 
2019-08-24 14:37:59,444 INFO  [Log] login test is passed 
2019-08-24 14:37:59,445 INFO  [Log] ****************************** 
2019-08-24 14:37:59,445 INFO  [Log] $$$$$$$$$$$$$$$$$$$$$                 Facebook login page       $$$$$$$$$$$$$$$$$$$$$$$$$ 
2019-08-24 14:37:59,445 INFO  [Log] ****************************** 
2019-08-24 14:37:59,445 INFO  [Log] ****************************** 
2019-08-24 14:38:39,385 INFO  [Log] login test is passed 
2019-08-24 14:38:39,385 INFO  [Log] ****************************** 
2019-08-24 14:38:39,385 INFO  [Log] $$$$$$$$$$$$$$$$$$$$$                 Facebook login page       $$$$$$$$$$$$$$$$$$$$$$$$$ 
2019-08-24 14:38:39,385 INFO  [Log] ****************************** 
2019-08-24 14:38:39,385 INFO  [Log] ****************************** 
2019-08-24 14:39:00,277 INFO  [Log] login test is passed 
2019-08-24 14:39:00,277 INFO  [Log] ****************************** 
2019-08-24 14:39:00,277 INFO  [Log] $$$$$$$$$$$$$$$$$$$$$                 Verify facebook login page       $$$$$$$$$$$$$$$$$$$$$$$$$ 
2019-08-24 14:39:00,277 INFO  [Log] ****************************** 
2019-08-24 14:39:00,277 INFO  [Log] ****************************** 
2019-08-24 14:41:11,376 INFO  [Log] login test is passed 
2019-08-24 14:41:11,376 INFO  [Log] ****************************** 
2019-08-24 14:41:11,376 INFO  [Log] $$$$$$$$$$$$$$$$$$$$$                 Verify facebook login page       $$$$$$$$$$$$$$$$$$$$$$$$$ 
2019-08-24 14:41:11,376 INFO  [Log] ****************************** 
2019-08-24 14:41:11,376 INFO  [Log] ****************************** 
2019-08-24 14:43:57,036 INFO  [Log] login test is passed 
2019-08-24 14:43:57,037 INFO  [Log] ****************************** 
2019-08-24 14:43:57,037 INFO  [Log] $$$$$$$$$$$$$$$$$$$$$                 Facebook login page       $$$$$$$$$$$$$$$$$$$$$$$$$ 
2019-08-24 14:43:57,037 INFO  [Log] ****************************** 
2019-08-24 14:43:57,037 INFO  [Log] ****************************** 
2019-08-24 14:54:03,485 INFO  [Log] login test is passed 
2019-08-24 14:54:03,485 INFO  [Log] ****************************** 
2019-08-24 14:54:03,485 INFO  [Log] $$$$$$$$$$$$$$$$$$$$$                 Facebook login page       $$$$$$$$$$$$$$$$$$$$$$$$$ 
2019-08-24 14:54:03,485 INFO  [Log] ****************************** 
2019-08-24 14:54:03,485 INFO  [Log] ****************************** 
2019-08-24 14:54:36,752 INFO  [Log] login test is passed 
2019-08-24 14:54:36,752 INFO  [Log] ****************************** 
2019-08-24 14:54:36,752 INFO  [Log] $$$$$$$$$$$$$$$$$$$$$                 Verify facebook login page       $$$$$$$$$$$$$$$$$$$$$$$$$ 
2019-08-24 14:54:36,752 INFO  [Log] ****************************** 
2019-08-24 14:54:36,752 INFO  [Log] ****************************** 
2019-08-24 14:56:35,717 INFO  [Log] login test is passed 
2019-08-24 14:56:35,717 INFO  [Log] ****************************** 
2019-08-24 14:56:35,717 INFO  [Log] $$$$$$$$$$$$$$$$$$$$$                 Verify facebook login page       $$$$$$$$$$$$$$$$$$$$$$$$$ 
2019-08-24 14:56:35,717 INFO  [Log] ****************************** 
2019-08-24 14:56:35,717 INFO  [Log] ****************************** 
2019-08-24 14:57:40,617 INFO  [Log] login test is passed 
2019-08-24 14:57:40,617 INFO  [Log] ****************************** 
2019-08-24 14:57:40,617 INFO  [Log] $$$$$$$$$$$$$$$$$$$$$                 Verify facebook login page       $$$$$$$$$$$$$$$$$$$$$$$$$ 
2019-08-24 14:57:40,617 INFO  [Log] ****************************** 
2019-08-24 14:57:40,617 INFO  [Log] ****************************** 
2019-08-24 14:58:43,385 INFO  [Log] login test is passed 
2019-08-24 14:58:43,385 INFO  [Log] ****************************** 
2019-08-24 14:58:43,385 INFO  [Log] $$$$$$$$$$$$$$$$$$$$$                 Verify facebook login page       $$$$$$$$$$$$$$$$$$$$$$$$$ 
2019-08-24 14:58:43,385 INFO  [Log] ****************************** 
2019-08-24 14:58:43,385 INFO  [Log] ****************************** 
2019-08-24 14:59:50,956 INFO  [Log] login test is passed 
2019-08-24 14:59:50,956 INFO  [Log] ****************************** 
2019-08-24 14:59:50,956 INFO  [Log] $$$$$$$$$$$$$$$$$$$$$                 Verify facebook login page       $$$$$$$$$$$$$$$$$$$$$$$$$ 
2019-08-24 14:59:50,956 INFO  [Log] ****************************** 
2019-08-24 14:59:50,956 INFO  [Log] ****************************** 
2019-08-24 15:09:35,501 INFO  [Log] login test is passed 
2019-08-24 15:09:35,502 INFO  [Log] ****************************** 
2019-08-24 15:09:35,502 INFO  [Log] $$$$$$$$$$$$$$$$$$$$$                 Verify facebook login page       $$$$$$$$$$$$$$$$$$$$$$$$$ 
2019-08-24 15:09:35,502 INFO  [Log] ****************************** 
2019-08-24 15:09:35,502 INFO  [Log] ****************************** 
2019-08-24 16:56:28,775 INFO  [Log] login test is passed 
2019-08-24 16:56:28,775 INFO  [Log] ****************************** 
2019-08-24 16:56:28,775 INFO  [Log] $$$$$$$$$$$$$$$$$$$$$                 Verify facebook login page       $$$$$$$$$$$$$$$$$$$$$$$$$ 
2019-08-24 16:56:28,775 INFO  [Log] ****************************** 
2019-08-24 16:56:28,775 INFO  [Log] ****************************** 
2019-08-24 17:02:42,409 INFO  [Log] login test is passed 
2019-08-24 17:02:42,409 INFO  [Log] ****************************** 
2019-08-24 17:02:42,409 INFO  [Log] $$$$$$$$$$$$$$$$$$$$$                 Verify facebook login page       $$$$$$$$$$$$$$$$$$$$$$$$$ 
2019-08-24 17:02:42,409 INFO  [Log] ****************************** 
2019-08-24 17:02:42,409 INFO  [Log] ****************************** 
2019-08-24 17:05:29,626 INFO  [Log] login test is passed 
2019-08-24 17:05:29,626 INFO  [Log] ****************************** 
2019-08-24 17:05:29,626 INFO  [Log] $$$$$$$$$$$$$$$$$$$$$                 Verify facebook login page       $$$$$$$$$$$$$$$$$$$$$$$$$ 
2019-08-24 17:05:29,626 INFO  [Log] ****************************** 
2019-08-24 17:05:29,626 INFO  [Log] ****************************** 
2019-08-24 17:07:08,971 INFO  [Log] login test is passed 
2019-08-24 17:07:08,971 INFO  [Log] ****************************** 
2019-08-24 17:07:08,971 INFO  [Log] $$$$$$$$$$$$$$$$$$$$$                 Verify facebook login page       $$$$$$$$$$$$$$$$$$$$$$$$$ 
2019-08-24 17:07:08,971 INFO  [Log] ****************************** 
2019-08-24 17:07:08,971 INFO  [Log] ****************************** 
2019-08-24 17:09:15,198 INFO  [Log] login test is passed 
2019-08-24 17:09:15,198 INFO  [Log] ****************************** 
2019-08-24 17:09:15,198 INFO  [Log] $$$$$$$$$$$$$$$$$$$$$                 Verify facebook login page       $$$$$$$$$$$$$$$$$$$$$$$$$ 
2019-08-24 17:09:15,198 INFO  [Log] ****************************** 
2019-08-24 17:09:15,198 INFO  [Log] ****************************** 
2019-08-24 17:12:40,798 INFO  [Log] login test is passed 
2019-08-24 17:12:40,799 INFO  [Log] ****************************** 
2019-08-24 17:12:40,799 INFO  [Log] $$$$$$$$$$$$$$$$$$$$$                 Verify facebook login page       $$$$$$$$$$$$$$$$$$$$$$$$$ 
2019-08-24 17:12:40,799 INFO  [Log] ****************************** 
2019-08-24 17:12:40,799 INFO  [Log] ****************************** 
2019-08-24 17:14:18,500 INFO  [Log] login test is passed 
2019-08-24 17:14:18,500 INFO  [Log] ****************************** 
2019-08-24 17:14:18,500 INFO  [Log] $$$$$$$$$$$$$$$$$$$$$                 Verify facebook login page       $$$$$$$$$$$$$$$$$$$$$$$$$ 
2019-08-24 17:14:18,500 INFO  [Log] ****************************** 
2019-08-24 17:14:18,500 INFO  [Log] ****************************** 
